<?xml version="1.0" encoding="UTF-8"?>
<!-- Generated by org.testng.reporters.JUnitReportReporter -->
<testsuite hostname="IPLLOANER0319" name="com.pnc.mbl.automation.regression.TandCsPageTest" tests="2" failures="0" timestamp="22 Mar 2017 15:53:50 GMT" time="25.880" errors="0">
  <testcase name="verify_ClickingCancelReturningBackToTutorialPage" time="1.925" classname="com.pnc.mbl.automation.regression.TandCsPageTest"/>
  <testcase name="verifyLandingTandCsPage" time="23.955" classname="com.pnc.mbl.automation.regression.TandCsPageTest"/>
</testsuite>
