<?xml version="1.0" encoding="UTF-8"?>
<!-- Generated by org.testng.reporters.JUnitReportReporter -->
<testsuite hostname="IPLLOANER0319" name="com.pnc.mbl.automation.regression.LoginPNCPayTest" tests="1" failures="0" timestamp="24 Mar 2017 14:37:07 GMT" time="32.151" errors="0">
  <testcase name="verifyLoginToPNCPayAsValidUser" time="32.151" classname="com.pnc.mbl.automation.regression.LoginPNCPayTest"/>
</testsuite>
