<?xml version="1.0" encoding="UTF-8"?>
<!-- Generated by org.testng.reporters.JUnitReportReporter -->
<testsuite hostname="IPLLOANER0319" name="com.pnc.mbl.automation.regression.TutorialPageTest" tests="2" failures="0" timestamp="22 Mar 2017 15:45:48 GMT" time="10.904" errors="0">
  <testcase name="verifyLandingTutorialPage" time="3.610" classname="com.pnc.mbl.automation.regression.TutorialPageTest"/>
  <testcase name="userCanSwipeAndReadTheContent" time="7.294" classname="com.pnc.mbl.automation.regression.TutorialPageTest"/>
</testsuite>
